#
# There is insufficient memory for the Java Runtime Environment to continue.
# Native memory allocation (malloc) failed to allocate 1184144 bytes for Chunk::new
# Possible reasons:
#   The system is out of physical RAM or swap space
#   The process is running with CompressedOops enabled, and the Java Heap may be blocking the growth of the native heap
# Possible solutions:
#   Reduce memory load on the system
#   Increase physical memory or swap space
#   Check if swap backing store is full
#   Decrease Java heap size (-Xmx/-Xms)
#   Decrease number of Java threads
#   Decrease Java thread stack sizes (-Xss)
#   Set larger code cache with -XX:ReservedCodeCacheSize=
#   JVM is running with Unscaled Compressed Oops mode in which the Java heap is
#     placed in the first 4GB address space. The Java Heap base address is the
#     maximum limit for the native heap growth. Please use -XX:HeapBaseMinAddress
#     to set the Java Heap base and to place the Java Heap above 4GB virtual address.
# This output file may be truncated or incomplete.
#
#  Out of Memory Error (arena.cpp:189), pid=13516, tid=25396
#
# JRE version: Java(TM) SE Runtime Environment (17.0.8+9) (build 17.0.8+9-LTS-211)
# Java VM: Java HotSpot(TM) 64-Bit Server VM (17.0.8+9-LTS-211, mixed mode, sharing, tiered, compressed oops, compressed class ptrs, g1 gc, windows-amd64)
# No core dump will be written. Minidumps are not enabled by default on client versions of Windows
#

---------------  S U M M A R Y ------------

Command Line: -agentlib:jdwp=transport=dt_socket,server=n,address=58675 com.BDI_TESTServicie.BdiTestServicieApplication

Host: Intel(R) Core(TM) i3-N305, 8 cores, 7G,  Windows 11 , 64 bit Build 26100 (10.0.26100.4484)
Time: Thu Jul 10 18:40:07 2025 Central Standard Time (Mexico) elapsed time: 26.573204 seconds (0d 0h 0m 26s)

---------------  T H R E A D  ---------------

Current thread (0x0000018bc767bd20):  JavaThread "C2 CompilerThread0" daemon [_thread_in_native, id=25396, stack(0x00000052f6d00000,0x00000052f6e00000)]


Current CompileTask:
C2:  26573 5751       4       java.lang.Class::descriptorString (170 bytes)

Stack: [0x00000052f6d00000,0x00000052f6e00000]
Native frames: (J=compiled Java code, j=interpreted, Vv=VM code, C=native code)
V  [jvm.dll+0x677d0a]
V  [jvm.dll+0x7d8c54]
V  [jvm.dll+0x7da3fe]
V  [jvm.dll+0x7daa63]
V  [jvm.dll+0x245c5f]
V  [jvm.dll+0xaaa6b]
V  [jvm.dll+0xab00c]
V  [jvm.dll+0x361e8e]
V  [jvm.dll+0x32c551]
V  [jvm.dll+0x32b9ea]
V  [jvm.dll+0x217fff]
V  [jvm.dll+0x217431]
V  [jvm.dll+0x1a3af0]
V  [jvm.dll+0x2270be]
V  [jvm.dll+0x22535b]
V  [jvm.dll+0x78e7bc]
V  [jvm.dll+0x788bba]
V  [jvm.dll+0x676b35]
C  [ucrtbase.dll+0x37b0]
C  [KERNEL32.DLL+0x2e8d7]
C  [ntdll.dll+0x3c34c]


---------------  P R O C E S S  ---------------

Threads class SMR info:
_java_thread_list=0x0000018c0f193780, length=24, elements={
0x0000018ba756d1e0, 0x0000018bc765f190, 0x0000018bc765fb40, 0x0000018bc7678360,
0x0000018bc7678d10, 0x0000018bc76796c0, 0x0000018bc767a070, 0x0000018bc767bd20,
0x0000018bc7684cf0, 0x0000018bc7695600, 0x0000018bc78ef630, 0x0000018bc78f04d0,
0x0000018bc790b3d0, 0x0000018bc790dff0, 0x0000018bc7920fe0, 0x0000018c0d847070,
0x0000018c0d8525c0, 0x0000018c1072e010, 0x0000018c0f48faf0, 0x0000018c11292070,
0x0000018c0f40c2d0, 0x0000018c0f40c7a0, 0x0000018c0f40a5f0, 0x0000018c0f40b460
}

Java Threads: ( => current thread )
  0x0000018ba756d1e0 JavaThread "main" [_thread_blocked, id=10664, stack(0x00000052f6000000,0x00000052f6100000)]
  0x0000018bc765f190 JavaThread "Reference Handler" daemon [_thread_blocked, id=22032, stack(0x00000052f6700000,0x00000052f6800000)]
  0x0000018bc765fb40 JavaThread "Finalizer" daemon [_thread_blocked, id=21572, stack(0x00000052f6800000,0x00000052f6900000)]
  0x0000018bc7678360 JavaThread "Signal Dispatcher" daemon [_thread_blocked, id=20996, stack(0x00000052f6900000,0x00000052f6a00000)]
  0x0000018bc7678d10 JavaThread "Attach Listener" daemon [_thread_blocked, id=22092, stack(0x00000052f6a00000,0x00000052f6b00000)]
  0x0000018bc76796c0 JavaThread "Service Thread" daemon [_thread_blocked, id=13828, stack(0x00000052f6b00000,0x00000052f6c00000)]
  0x0000018bc767a070 JavaThread "Monitor Deflation Thread" daemon [_thread_blocked, id=26740, stack(0x00000052f6c00000,0x00000052f6d00000)]
=>0x0000018bc767bd20 JavaThread "C2 CompilerThread0" daemon [_thread_in_native, id=25396, stack(0x00000052f6d00000,0x00000052f6e00000)]
  0x0000018bc7684cf0 JavaThread "C1 CompilerThread0" daemon [_thread_blocked, id=4944, stack(0x00000052f6e00000,0x00000052f6f00000)]
  0x0000018bc7695600 JavaThread "Sweeper thread" daemon [_thread_blocked, id=6520, stack(0x00000052f6f00000,0x00000052f7000000)]
  0x0000018bc78ef630 JavaThread "JDWP Transport Listener: dt_socket" daemon [_thread_blocked, id=5588, stack(0x00000052f7000000,0x00000052f7100000)]
  0x0000018bc78f04d0 JavaThread "JDWP Event Helper Thread" daemon [_thread_blocked, id=11572, stack(0x00000052f7100000,0x00000052f7200000)]
  0x0000018bc790b3d0 JavaThread "JDWP Command Reader" daemon [_thread_in_native, id=4588, stack(0x00000052f7200000,0x00000052f7300000)]
  0x0000018bc790dff0 JavaThread "Notification Thread" daemon [_thread_blocked, id=12652, stack(0x00000052f7300000,0x00000052f7400000)]
  0x0000018bc7920fe0 JavaThread "Common-Cleaner" daemon [_thread_blocked, id=5280, stack(0x00000052f7500000,0x00000052f7600000)]
  0x0000018c0d847070 JavaThread "Thread-0" [_thread_blocked, id=25748, stack(0x00000052f7600000,0x00000052f7700000)]
  0x0000018c0d8525c0 JavaThread "restartedMain" [_thread_in_vm, id=3840, stack(0x00000052f7700000,0x00000052f7800000)]
  0x0000018c1072e010 JavaThread "Catalina-utility-1" [_thread_blocked, id=27624, stack(0x00000052f8000000,0x00000052f8100000)]
  0x0000018c0f48faf0 JavaThread "Catalina-utility-2" [_thread_blocked, id=26636, stack(0x00000052f8200000,0x00000052f8300000)]
  0x0000018c11292070 JavaThread "container-0" [_thread_blocked, id=16144, stack(0x00000052f8300000,0x00000052f8400000)]
  0x0000018c0f40c2d0 JavaThread "oracle.jdbc.diagnostics.Diagnostic.CLOCK" daemon [_thread_blocked, id=2152, stack(0x00000052f8400000,0x00000052f8500000)]
  0x0000018c0f40c7a0 JavaThread "oracle.jdbc.driver.BlockSource.ThreadedCachingBlockSource.BlockReleaser" daemon [_thread_blocked, id=21772, stack(0x00000052f8500000,0x00000052f8600000)]
  0x0000018c0f40a5f0 JavaThread "InterruptTimer" daemon [_thread_blocked, id=9548, stack(0x00000052f8700000,0x00000052f8800000)]
  0x0000018c0f40b460 JavaThread "OJDBC-WORKER-THREAD-1" daemon [_thread_blocked, id=24612, stack(0x00000052f8800000,0x00000052f8900000)]

Other Threads:
  0x0000018bc765b800 VMThread "VM Thread" [stack: 0x00000052f6600000,0x00000052f6700000] [id=10884]
  0x0000018ba980af70 WatcherThread [stack: 0x00000052f7400000,0x00000052f7500000] [id=12780]
  0x0000018ba97e94c0 GCTaskThread "GC Thread#0" [stack: 0x00000052f6100000,0x00000052f6200000] [id=21528]
  0x0000018c0d85bad0 GCTaskThread "GC Thread#1" [stack: 0x00000052f7800000,0x00000052f7900000] [id=27252]
  0x0000018c0d85bd80 GCTaskThread "GC Thread#2" [stack: 0x00000052f7900000,0x00000052f7a00000] [id=1128]
  0x0000018c0d85c030 GCTaskThread "GC Thread#3" [stack: 0x00000052f7a00000,0x00000052f7b00000] [id=19556]
  0x0000018c0d85c2e0 GCTaskThread "GC Thread#4" [stack: 0x00000052f7b00000,0x00000052f7c00000] [id=14668]
  0x0000018c0d85c590 GCTaskThread "GC Thread#5" [stack: 0x00000052f7c00000,0x00000052f7d00000] [id=20152]
  0x0000018c0d8ab9b0 GCTaskThread "GC Thread#6" [stack: 0x00000052f7d00000,0x00000052f7e00000] [id=10128]
  0x0000018c0d8abc60 GCTaskThread "GC Thread#7" [stack: 0x00000052f7e00000,0x00000052f7f00000] [id=26388]
  0x0000018ba97fa950 ConcurrentGCThread "G1 Main Marker" [stack: 0x00000052f6200000,0x00000052f6300000] [id=20768]
  0x0000018ba97fb360 ConcurrentGCThread "G1 Conc#0" [stack: 0x00000052f6300000,0x00000052f6400000] [id=6524]
  0x0000018c0e745400 ConcurrentGCThread "G1 Conc#1" [stack: 0x00000052f8100000,0x00000052f8200000] [id=26000]
  0x0000018bc7503510 ConcurrentGCThread "G1 Refine#0" [stack: 0x00000052f6400000,0x00000052f6500000] [id=25028]
  0x0000018bc7503be0 ConcurrentGCThread "G1 Service" [stack: 0x00000052f6500000,0x00000052f6600000] [id=27124]

Threads with active compile tasks:
C2 CompilerThread0    26618 5751       4       java.lang.Class::descriptorString (170 bytes)

VM state: not at safepoint (normal execution)

VM Mutex/Monitor currently owned by a thread: None

Heap address: 0x0000000085600000, size: 1962 MB, Compressed Oops mode: 32-bit

CDS archive(s) mapped at: [0x0000018bc8000000-0x0000018bc8bd0000-0x0000018bc8bd0000), size 12386304, SharedBaseAddress: 0x0000018bc8000000, ArchiveRelocationMode: 1.
Compressed class space mapped at: 0x0000018bc9000000-0x0000018c09000000, reserved size: 1073741824
Narrow klass base: 0x0000018bc8000000, Narrow klass shift: 0, Narrow klass range: 0x100000000

GC Precious Log:
 CPUs: 8 total, 8 available
 Memory: 7845M
 Large Page Support: Disabled
 NUMA Support: Disabled
 Compressed Oops: Enabled (32-bit)
 Heap Region Size: 1M
 Heap Min Capacity: 8M
 Heap Initial Capacity: 124M
 Heap Max Capacity: 1962M
 Pre-touch: Disabled
 Parallel Workers: 8
 Concurrent Workers: 2
 Concurrent Refinement Workers: 8
 Periodic GC: Disabled

Heap:
 garbage-first heap   total 74752K, used 49534K [0x0000000085600000, 0x0000000100000000)
  region size 1024K, 25 young (25600K), 3 survivors (3072K)
 Metaspace       used 68872K, committed 69440K, reserved 1114112K
  class space    used 9381K, committed 9664K, reserved 1048576K

Heap Regions: E=young(eden), S=young(survivor), O=old, HS=humongous(starts), HC=humongous(continues), CS=collection set, F=free, OA=open archive, CA=closed archive, TAMS=top-at-mark-start (previous, next)
|   0|0x0000000085600000, 0x0000000085700000, 0x0000000085700000|100%|HS|  |TAMS 0x0000000085700000, 0x0000000085600000| Complete 
|   1|0x0000000085700000, 0x0000000085800000, 0x0000000085800000|100%|HS|  |TAMS 0x0000000085800000, 0x0000000085700000| Complete 
|   2|0x0000000085800000, 0x0000000085900000, 0x0000000085900000|100%| O|  |TAMS 0x0000000085900000, 0x0000000085800000| Untracked 
|   3|0x0000000085900000, 0x0000000085a00000, 0x0000000085a00000|100%| O|  |TAMS 0x0000000085a00000, 0x0000000085900000| Untracked 
|   4|0x0000000085a00000, 0x0000000085b00000, 0x0000000085b00000|100%| O|  |TAMS 0x0000000085b00000, 0x0000000085a00000| Untracked 
|   5|0x0000000085b00000, 0x0000000085c00000, 0x0000000085c00000|100%| O|  |TAMS 0x0000000085c00000, 0x0000000085b00000| Untracked 
|   6|0x0000000085c00000, 0x0000000085d00000, 0x0000000085d00000|100%| O|  |TAMS 0x0000000085d00000, 0x0000000085c00000| Untracked 
|   7|0x0000000085d00000, 0x0000000085e00000, 0x0000000085e00000|100%| O|  |TAMS 0x0000000085e00000, 0x0000000085d00000| Untracked 
|   8|0x0000000085e00000, 0x0000000085f00000, 0x0000000085f00000|100%| O|  |TAMS 0x0000000085f00000, 0x0000000085e00000| Untracked 
|   9|0x0000000085f00000, 0x0000000086000000, 0x0000000086000000|100%| O|  |TAMS 0x0000000086000000, 0x0000000085f00000| Untracked 
|  10|0x0000000086000000, 0x0000000086100000, 0x0000000086100000|100%| O|  |TAMS 0x0000000086100000, 0x0000000086000000| Untracked 
|  11|0x0000000086100000, 0x0000000086200000, 0x0000000086200000|100%| O|  |TAMS 0x0000000086200000, 0x0000000086100000| Untracked 
|  12|0x0000000086200000, 0x0000000086300000, 0x0000000086300000|100%| O|  |TAMS 0x0000000086300000, 0x0000000086200000| Untracked 
|  13|0x0000000086300000, 0x0000000086400000, 0x0000000086400000|100%| O|  |TAMS 0x0000000086400000, 0x0000000086300000| Untracked 
|  14|0x0000000086400000, 0x0000000086500000, 0x0000000086500000|100%| O|  |TAMS 0x0000000086500000, 0x0000000086400000| Untracked 
|  15|0x0000000086500000, 0x0000000086600000, 0x0000000086600000|100%| O|  |TAMS 0x0000000086600000, 0x0000000086500000| Untracked 
|  16|0x0000000086600000, 0x0000000086700000, 0x0000000086700000|100%| O|  |TAMS 0x0000000086700000, 0x0000000086600000| Untracked 
|  17|0x0000000086700000, 0x0000000086800000, 0x0000000086800000|100%| O|  |TAMS 0x00000000867e1c00, 0x0000000086700000| Untracked 
|  18|0x0000000086800000, 0x0000000086900000, 0x0000000086900000|100%| O|  |TAMS 0x0000000086900000, 0x0000000086800000| Untracked 
|  19|0x0000000086900000, 0x0000000086a00000, 0x0000000086a00000|100%| O|  |TAMS 0x0000000086a00000, 0x0000000086900000| Untracked 
|  20|0x0000000086a00000, 0x0000000086b00000, 0x0000000086b00000|100%| O|  |TAMS 0x0000000086b00000, 0x0000000086a00000| Untracked 
|  21|0x0000000086b00000, 0x0000000086c00000, 0x0000000086c00000|100%| O|  |TAMS 0x0000000086c00000, 0x0000000086b00000| Untracked 
|  22|0x0000000086c00000, 0x0000000086d00000, 0x0000000086d00000|100%| O|  |TAMS 0x0000000086d00000, 0x0000000086c00000| Untracked 
|  23|0x0000000086d00000, 0x0000000086e00000, 0x0000000086e00000|100%| O|  |TAMS 0x0000000086e00000, 0x0000000086d00000| Untracked 
|  24|0x0000000086e00000, 0x0000000086f00000, 0x0000000086f00000|100%| O|  |TAMS 0x0000000086e00000, 0x0000000086e00000| Untracked 
|  25|0x0000000086f00000, 0x0000000086f38a00, 0x0000000087000000| 22%| O|  |TAMS 0x0000000086f00000, 0x0000000086f00000| Untracked 
|  26|0x0000000087000000, 0x0000000087000000, 0x0000000087100000|  0%| F|  |TAMS 0x0000000087000000, 0x0000000087000000| Untracked 
|  27|0x0000000087100000, 0x0000000087100000, 0x0000000087200000|  0%| F|  |TAMS 0x0000000087100000, 0x0000000087100000| Untracked 
|  28|0x0000000087200000, 0x0000000087200000, 0x0000000087300000|  0%| F|  |TAMS 0x0000000087200000, 0x0000000087200000| Untracked 
|  29|0x0000000087300000, 0x0000000087300000, 0x0000000087400000|  0%| F|  |TAMS 0x0000000087300000, 0x0000000087300000| Untracked 
|  30|0x0000000087400000, 0x0000000087400000, 0x0000000087500000|  0%| F|  |TAMS 0x0000000087400000, 0x0000000087400000| Untracked 
|  31|0x0000000087500000, 0x0000000087500000, 0x0000000087600000|  0%| F|  |TAMS 0x0000000087500000, 0x0000000087500000| Untracked 
|  32|0x0000000087600000, 0x0000000087600000, 0x0000000087700000|  0%| F|  |TAMS 0x0000000087600000, 0x0000000087600000| Untracked 
|  33|0x0000000087700000, 0x0000000087700000, 0x0000000087800000|  0%| F|  |TAMS 0x0000000087700000, 0x0000000087700000| Untracked 
|  34|0x0000000087800000, 0x00000000878270a0, 0x0000000087900000| 15%| S|CS|TAMS 0x0000000087800000, 0x0000000087800000| Complete 
|  35|0x0000000087900000, 0x0000000087a00000, 0x0000000087a00000|100%| S|CS|TAMS 0x0000000087900000, 0x0000000087900000| Complete 
|  36|0x0000000087a00000, 0x0000000087b00000, 0x0000000087b00000|100%| S|CS|TAMS 0x0000000087a00000, 0x0000000087a00000| Complete 
|  37|0x0000000087b00000, 0x0000000087b00000, 0x0000000087c00000|  0%| F|  |TAMS 0x0000000087b00000, 0x0000000087b00000| Untracked 
|  38|0x0000000087c00000, 0x0000000087c00000, 0x0000000087d00000|  0%| F|  |TAMS 0x0000000087c00000, 0x0000000087c00000| Untracked 
|  39|0x0000000087d00000, 0x0000000087d00000, 0x0000000087e00000|  0%| F|  |TAMS 0x0000000087d00000, 0x0000000087d00000| Untracked 
|  40|0x0000000087e00000, 0x0000000087e00000, 0x0000000087f00000|  0%| F|  |TAMS 0x0000000087e00000, 0x0000000087e00000| Untracked 
|  41|0x0000000087f00000, 0x0000000087f00000, 0x0000000088000000|  0%| F|  |TAMS 0x0000000087f00000, 0x0000000087f00000| Untracked 
|  42|0x0000000088000000, 0x0000000088000000, 0x0000000088100000|  0%| F|  |TAMS 0x0000000088000000, 0x0000000088000000| Untracked 
|  43|0x0000000088100000, 0x0000000088100000, 0x0000000088200000|  0%| F|  |TAMS 0x0000000088100000, 0x0000000088100000| Untracked 
|  44|0x0000000088200000, 0x0000000088200000, 0x0000000088300000|  0%| F|  |TAMS 0x0000000088200000, 0x0000000088200000| Untracked 
|  45|0x0000000088300000, 0x0000000088300000, 0x0000000088400000|  0%| F|  |TAMS 0x0000000088300000, 0x0000000088300000| Untracked 
|  46|0x0000000088400000, 0x0000000088400000, 0x0000000088500000|  0%| F|  |TAMS 0x0000000088400000, 0x0000000088400000| Untracked 
|  47|0x0000000088500000, 0x0000000088500000, 0x0000000088600000|  0%| F|  |TAMS 0x0000000088500000, 0x0000000088500000| Untracked 
|  48|0x0000000088600000, 0x0000000088600000, 0x0000000088700000|  0%| F|  |TAMS 0x0000000088600000, 0x0000000088600000| Untracked 
|  49|0x0000000088700000, 0x0000000088700000, 0x0000000088800000|  0%| F|  |TAMS 0x0000000088700000, 0x0000000088700000| Untracked 
|  50|0x0000000088800000, 0x0000000088800000, 0x0000000088900000|  0%| F|  |TAMS 0x0000000088800000, 0x0000000088800000| Untracked 
|  51|0x0000000088900000, 0x0000000088980800, 0x0000000088a00000| 50%| E|  |TAMS 0x0000000088900000, 0x0000000088900000| Complete 
|  52|0x0000000088a00000, 0x0000000088b00000, 0x0000000088b00000|100%| E|CS|TAMS 0x0000000088a00000, 0x0000000088a00000| Complete 
|  53|0x0000000088b00000, 0x0000000088c00000, 0x0000000088c00000|100%| E|CS|TAMS 0x0000000088b00000, 0x0000000088b00000| Complete 
|  54|0x0000000088c00000, 0x0000000088d00000, 0x0000000088d00000|100%| E|CS|TAMS 0x0000000088c00000, 0x0000000088c00000| Complete 
|  55|0x0000000088d00000, 0x0000000088e00000, 0x0000000088e00000|100%| E|CS|TAMS 0x0000000088d00000, 0x0000000088d00000| Complete 
|  56|0x0000000088e00000, 0x0000000088f00000, 0x0000000088f00000|100%| E|CS|TAMS 0x0000000088e00000, 0x0000000088e00000| Complete 
|  57|0x0000000088f00000, 0x0000000089000000, 0x0000000089000000|100%| E|CS|TAMS 0x0000000088f00000, 0x0000000088f00000| Complete 
|  58|0x0000000089000000, 0x0000000089100000, 0x0000000089100000|100%| E|CS|TAMS 0x0000000089000000, 0x0000000089000000| Complete 
|  59|0x0000000089100000, 0x0000000089200000, 0x0000000089200000|100%| E|CS|TAMS 0x0000000089100000, 0x0000000089100000| Complete 
|  60|0x0000000089200000, 0x0000000089300000, 0x0000000089300000|100%| E|CS|TAMS 0x0000000089200000, 0x0000000089200000| Complete 
|  61|0x0000000089300000, 0x0000000089400000, 0x0000000089400000|100%| E|CS|TAMS 0x0000000089300000, 0x0000000089300000| Complete 
|  62|0x0000000089400000, 0x0000000089500000, 0x0000000089500000|100%| E|CS|TAMS 0x0000000089400000, 0x0000000089400000| Complete 
|  63|0x0000000089500000, 0x0000000089600000, 0x0000000089600000|100%| E|CS|TAMS 0x0000000089500000, 0x0000000089500000| Complete 
|  64|0x0000000089600000, 0x0000000089700000, 0x0000000089700000|100%| E|CS|TAMS 0x0000000089600000, 0x0000000089600000| Complete 
|  67|0x0000000089900000, 0x0000000089a00000, 0x0000000089a00000|100%| E|CS|TAMS 0x0000000089900000, 0x0000000089900000| Complete 
|  68|0x0000000089a00000, 0x0000000089b00000, 0x0000000089b00000|100%| E|CS|TAMS 0x0000000089a00000, 0x0000000089a00000| Complete 
|  69|0x0000000089b00000, 0x0000000089c00000, 0x0000000089c00000|100%| E|CS|TAMS 0x0000000089b00000, 0x0000000089b00000| Complete 
|  70|0x0000000089c00000, 0x0000000089d00000, 0x0000000089d00000|100%| E|CS|TAMS 0x0000000089c00000, 0x0000000089c00000| Complete 
|  71|0x0000000089d00000, 0x0000000089e00000, 0x0000000089e00000|100%| E|CS|TAMS 0x0000000089d00000, 0x0000000089d00000| Complete 
|  72|0x0000000089e00000, 0x0000000089f00000, 0x0000000089f00000|100%| E|CS|TAMS 0x0000000089e00000, 0x0000000089e00000| Complete 
|  73|0x0000000089f00000, 0x000000008a000000, 0x000000008a000000|100%| E|CS|TAMS 0x0000000089f00000, 0x0000000089f00000| Complete 
| 123|0x000000008d100000, 0x000000008d200000, 0x000000008d200000|100%| E|CS|TAMS 0x000000008d100000, 0x000000008d100000| Complete 

Card table byte_map: [0x0000018bc0730000,0x0000018bc0b10000] _byte_map_base: 0x0000018bc0305000

Marking Bits (Prev, Next): (CMBitMap*) 0x0000018ba97eab20, (CMBitMap*) 0x0000018ba97eaae0
 Prev Bits: [0x0000018bc2da0000, 0x0000018bc4c48000)
 Next Bits: [0x0000018bc0ef0000, 0x0000018bc2d98000)

Polling page: 0x0000018ba7750000

Metaspace:

Usage:
  Non-class:     58.10 MB used.
      Class:      9.16 MB used.
       Both:     67.26 MB used.

Virtual space:
  Non-class space:       64.00 MB reserved,      58.38 MB ( 91%) committed,  1 nodes.
      Class space:        1.00 GB reserved,       9.44 MB ( <1%) committed,  1 nodes.
             Both:        1.06 GB reserved,      67.81 MB (  6%) committed. 

Chunk freelists:
   Non-Class:  5.66 MB
       Class:  6.53 MB
        Both:  12.19 MB

MaxMetaspaceSize: unlimited
CompressedClassSpaceSize: 1.00 GB
Initial GC threshold: 21.00 MB
Current GC threshold: 98.12 MB
CDS: on
MetaspaceReclaimPolicy: balanced
 - commit_granule_bytes: 65536.
 - commit_granule_words: 8192.
 - virtual_space_node_default_size: 8388608.
 - enlarge_chunks_in_place: 1.
 - new_chunks_are_fully_committed: 0.
 - uncommit_free_chunks: 1.
 - use_allocation_guard: 0.
 - handle_deallocations: 1.


Internal statistics:

num_allocs_failed_limit: 9.
num_arena_births: 778.
num_arena_deaths: 0.
num_vsnodes_births: 2.
num_vsnodes_deaths: 0.
num_space_committed: 1085.
num_space_uncommitted: 0.
num_chunks_returned_to_freelist: 9.
num_chunks_taken_from_freelist: 3244.
num_chunk_merges: 6.
num_chunk_splits: 2389.
num_chunks_enlarged: 1917.
num_purges: 0.
num_inconsistent_stats: 0.

CodeHeap 'non-profiled nmethods': size=120000Kb used=3332Kb max_used=3332Kb free=116667Kb
 bounds [0x0000018bb8af0000, 0x0000018bb8e40000, 0x0000018bc0020000]
CodeHeap 'profiled nmethods': size=120000Kb used=10461Kb max_used=10816Kb free=109538Kb
 bounds [0x0000018bb1020000, 0x0000018bb1ac0000, 0x0000018bb8550000]
CodeHeap 'non-nmethods': size=5760Kb used=1453Kb max_used=1473Kb free=4306Kb
 bounds [0x0000018bb8550000, 0x0000018bb87c0000, 0x0000018bb8af0000]
 total_blobs=5813 nmethods=5083 adapters=642
 compilation: enabled
              stopped_count=0, restarted_count=0
 full_count=0

Compilation events (20 events):
Event: 25.451 Thread 0x0000018bc7684cf0 5764       1       org.hibernate.sql.results.internal.SqlSelectionImpl::getExpression (5 bytes)
Event: 25.452 Thread 0x0000018bc7684cf0 nmethod 5764 0x0000018bb8e30410 code [0x0000018bb8e305a0, 0x0000018bb8e30678]
Event: 25.464 Thread 0x0000018bc7684cf0 5765       1       org.hibernate.loader.ast.internal.LoaderSqlAstCreationState::getFromClauseAccess (5 bytes)
Event: 25.464 Thread 0x0000018bc7684cf0 nmethod 5765 0x0000018bb8e30710 code [0x0000018bb8e308a0, 0x0000018bb8e30978]
Event: 25.469 Thread 0x0000018bc7684cf0 5766       1       org.hibernate.type.descriptor.jdbc.IntegerJdbcType::getJdbcTypeCode (2 bytes)
Event: 25.469 Thread 0x0000018bc7684cf0 nmethod 5766 0x0000018bb8e30a10 code [0x0000018bb8e30ba0, 0x0000018bb8e30c78]
Event: 25.504 Thread 0x0000018bc7684cf0 5767       3       org.hibernate.type.descriptor.java.AbstractClassJavaType::getJavaTypeClass (5 bytes)
Event: 25.504 Thread 0x0000018bc7684cf0 nmethod 5767 0x0000018bb18eb310 code [0x0000018bb18eb4a0, 0x0000018bb18eb658]
Event: 25.533 Thread 0x0000018bc7684cf0 5768       3       java.lang.invoke.StringConcatFactory::stringifierFor (34 bytes)
Event: 25.533 Thread 0x0000018bc7684cf0 nmethod 5768 0x0000018bb18ead90 code [0x0000018bb18eaf60, 0x0000018bb18eb228]
Event: 25.533 Thread 0x0000018bc7684cf0 5769       3       java.lang.invoke.StringConcatFactory::prepender (48 bytes)
Event: 25.534 Thread 0x0000018bc7684cf0 nmethod 5769 0x0000018bb18ea390 code [0x0000018bb18ea580, 0x0000018bb18eabe8]
Event: 25.534 Thread 0x0000018bc7684cf0 5770       3       java.lang.invoke.StringConcatFactory::mixer (16 bytes)
Event: 25.534 Thread 0x0000018bc7684cf0 nmethod 5770 0x0000018bb18e9e90 code [0x0000018bb18ea040, 0x0000018bb18ea288]
Event: 25.551 Thread 0x0000018bc7684cf0 5771       3       org.hibernate.boot.model.process.internal.InferredBasicValueResolution::getLegacyResolvedBasicType (19 bytes)
Event: 25.552 Thread 0x0000018bc7684cf0 nmethod 5771 0x0000018bb18e9b10 code [0x0000018bb18e9ca0, 0x0000018bb18e9df8]
Event: 25.556 Thread 0x0000018bc7684cf0 5772       3       org.jboss.logging.Logger::logf (32 bytes)
Event: 25.557 Thread 0x0000018bc7684cf0 nmethod 5772 0x0000018bb18e9190 code [0x0000018bb18e9360, 0x0000018bb18e9938]
Event: 25.558 Thread 0x0000018bc7684cf0 5773       3       org.hibernate.mapping.BasicValue::getType (36 bytes)
Event: 25.558 Thread 0x0000018bc7684cf0 nmethod 5773 0x0000018bb18e8b90 code [0x0000018bb18e8d60, 0x0000018bb18e9028]

GC Heap History (20 events):
Event: 14.029 GC heap before
{Heap before GC invocations=6 (full 0):
 garbage-first heap   total 58368K, used 38326K [0x0000000085600000, 0x0000000100000000)
  region size 1024K, 22 young (22528K), 1 survivors (1024K)
 Metaspace       used 27092K, committed 27456K, reserved 1114112K
  class space    used 3453K, committed 3648K, reserved 1048576K
}
Event: 14.031 GC heap after
{Heap after GC invocations=7 (full 0):
 garbage-first heap   total 58368K, used 18776K [0x0000000085600000, 0x0000000100000000)
  region size 1024K, 2 young (2048K), 2 survivors (2048K)
 Metaspace       used 27092K, committed 27456K, reserved 1114112K
  class space    used 3453K, committed 3648K, reserved 1048576K
}
Event: 16.302 GC heap before
{Heap before GC invocations=7 (full 0):
 garbage-first heap   total 58368K, used 41304K [0x0000000085600000, 0x0000000100000000)
  region size 1024K, 24 young (24576K), 2 survivors (2048K)
 Metaspace       used 31413K, committed 31744K, reserved 1114112K
  class space    used 4066K, committed 4224K, reserved 1048576K
}
Event: 16.310 GC heap after
{Heap after GC invocations=8 (full 0):
 garbage-first heap   total 58368K, used 21037K [0x0000000085600000, 0x0000000100000000)
  region size 1024K, 3 young (3072K), 3 survivors (3072K)
 Metaspace       used 31413K, committed 31744K, reserved 1114112K
  class space    used 4066K, committed 4224K, reserved 1048576K
}
Event: 17.725 GC heap before
{Heap before GC invocations=8 (full 0):
 garbage-first heap   total 58368K, used 39469K [0x0000000085600000, 0x0000000100000000)
  region size 1024K, 23 young (23552K), 3 survivors (3072K)
 Metaspace       used 35590K, committed 35968K, reserved 1114112K
  class space    used 4505K, committed 4672K, reserved 1048576K
}
Event: 17.733 GC heap after
{Heap after GC invocations=9 (full 0):
 garbage-first heap   total 58368K, used 23429K [0x0000000085600000, 0x0000000100000000)
  region size 1024K, 3 young (3072K), 3 survivors (3072K)
 Metaspace       used 35590K, committed 35968K, reserved 1114112K
  class space    used 4505K, committed 4672K, reserved 1048576K
}
Event: 19.348 GC heap before
{Heap before GC invocations=10 (full 0):
 garbage-first heap   total 58368K, used 42885K [0x0000000085600000, 0x0000000100000000)
  region size 1024K, 22 young (22528K), 3 survivors (3072K)
 Metaspace       used 42896K, committed 43328K, reserved 1114112K
  class space    used 5327K, committed 5568K, reserved 1048576K
}
Event: 19.353 GC heap after
{Heap after GC invocations=11 (full 0):
 garbage-first heap   total 58368K, used 23998K [0x0000000085600000, 0x0000000100000000)
  region size 1024K, 2 young (2048K), 2 survivors (2048K)
 Metaspace       used 42896K, committed 43328K, reserved 1114112K
  class space    used 5327K, committed 5568K, reserved 1048576K
}
Event: 19.423 GC heap before
{Heap before GC invocations=11 (full 0):
 garbage-first heap   total 58368K, used 25022K [0x0000000085600000, 0x0000000100000000)
  region size 1024K, 3 young (3072K), 2 survivors (2048K)
 Metaspace       used 43119K, committed 43520K, reserved 1114112K
  class space    used 5352K, committed 5568K, reserved 1048576K
}
Event: 19.426 GC heap after
{Heap after GC invocations=12 (full 0):
 garbage-first heap   total 58368K, used 23571K [0x0000000085600000, 0x0000000100000000)
  region size 1024K, 1 young (1024K), 1 survivors (1024K)
 Metaspace       used 43119K, committed 43520K, reserved 1114112K
  class space    used 5352K, committed 5568K, reserved 1048576K
}
Event: 20.715 GC heap before
{Heap before GC invocations=12 (full 0):
 garbage-first heap   total 58368K, used 44051K [0x0000000085600000, 0x0000000100000000)
  region size 1024K, 21 young (21504K), 1 survivors (1024K)
 Metaspace       used 47643K, committed 48128K, reserved 1114112K
  class space    used 6100K, committed 6336K, reserved 1048576K
}
Event: 20.717 GC heap after
{Heap after GC invocations=13 (full 0):
 garbage-first heap   total 58368K, used 24500K [0x0000000085600000, 0x0000000100000000)
  region size 1024K, 2 young (2048K), 2 survivors (2048K)
 Metaspace       used 47643K, committed 48128K, reserved 1114112K
  class space    used 6100K, committed 6336K, reserved 1048576K
}
Event: 21.759 GC heap before
{Heap before GC invocations=13 (full 0):
 garbage-first heap   total 58368K, used 43956K [0x0000000085600000, 0x0000000100000000)
  region size 1024K, 22 young (22528K), 2 survivors (2048K)
 Metaspace       used 52785K, committed 53312K, reserved 1114112K
  class space    used 6900K, committed 7168K, reserved 1048576K
}
Event: 21.762 GC heap after
{Heap after GC invocations=14 (full 0):
 garbage-first heap   total 58368K, used 25945K [0x0000000085600000, 0x0000000100000000)
  region size 1024K, 3 young (3072K), 3 survivors (3072K)
 Metaspace       used 52785K, committed 53312K, reserved 1114112K
  class space    used 6900K, committed 7168K, reserved 1048576K
}
Event: 22.769 GC heap before
{Heap before GC invocations=14 (full 0):
 garbage-first heap   total 58368K, used 44377K [0x0000000085600000, 0x0000000100000000)
  region size 1024K, 22 young (22528K), 3 survivors (3072K)
 Metaspace       used 57357K, committed 57856K, reserved 1114112K
  class space    used 7570K, committed 7808K, reserved 1048576K
}
Event: 22.773 GC heap after
{Heap after GC invocations=15 (full 0):
 garbage-first heap   total 58368K, used 26921K [0x0000000085600000, 0x0000000100000000)
  region size 1024K, 3 young (3072K), 3 survivors (3072K)
 Metaspace       used 57357K, committed 57856K, reserved 1114112K
  class space    used 7570K, committed 7808K, reserved 1048576K
}
Event: 23.332 GC heap before
{Heap before GC invocations=15 (full 0):
 garbage-first heap   total 58368K, used 38185K [0x0000000085600000, 0x0000000100000000)
  region size 1024K, 15 young (15360K), 3 survivors (3072K)
 Metaspace       used 59656K, committed 60160K, reserved 1114112K
  class space    used 7855K, committed 8128K, reserved 1048576K
}
Event: 23.336 GC heap after
{Heap after GC invocations=16 (full 0):
 garbage-first heap   total 58368K, used 27418K [0x0000000085600000, 0x0000000100000000)
  region size 1024K, 2 young (2048K), 2 survivors (2048K)
 Metaspace       used 59656K, committed 60160K, reserved 1114112K
  class space    used 7855K, committed 8128K, reserved 1048576K
}
Event: 24.480 GC heap before
{Heap before GC invocations=17 (full 0):
 garbage-first heap   total 58368K, used 45850K [0x0000000085600000, 0x0000000100000000)
  region size 1024K, 20 young (20480K), 2 survivors (2048K)
 Metaspace       used 64761K, committed 65280K, reserved 1114112K
  class space    used 8773K, committed 9024K, reserved 1048576K
}
Event: 24.483 GC heap after
{Heap after GC invocations=18 (full 0):
 garbage-first heap   total 74752K, used 28030K [0x0000000085600000, 0x0000000100000000)
  region size 1024K, 3 young (3072K), 3 survivors (3072K)
 Metaspace       used 64761K, committed 65280K, reserved 1114112K
  class space    used 8773K, committed 9024K, reserved 1048576K
}

Deoptimization events (20 events):
Event: 25.563 Thread 0x0000018c0d8525c0 DEOPT PACKING pc=0x0000018bb8dc6e48 sp=0x00000052f77fcff0
Event: 25.563 Thread 0x0000018c0d8525c0 DEOPT UNPACKING pc=0x0000018bb85a2b43 sp=0x00000052f77fc488 mode 1
Event: 25.564 Thread 0x0000018c0d8525c0 DEOPT PACKING pc=0x0000018bb151a819 sp=0x00000052f77fcc40
Event: 25.564 Thread 0x0000018c0d8525c0 DEOPT UNPACKING pc=0x0000018bb85a2b43 sp=0x00000052f77fc128 mode 1
Event: 25.564 Thread 0x0000018c0d8525c0 DEOPT PACKING pc=0x0000018bb1680c4c sp=0x00000052f77fcce0
Event: 25.564 Thread 0x0000018c0d8525c0 DEOPT UNPACKING pc=0x0000018bb85a2b43 sp=0x00000052f77fc280 mode 1
Event: 25.564 Thread 0x0000018c0d8525c0 DEOPT PACKING pc=0x0000018bb151391c sp=0x00000052f77fce40
Event: 25.564 Thread 0x0000018c0d8525c0 DEOPT UNPACKING pc=0x0000018bb85a2b43 sp=0x00000052f77fc400 mode 1
Event: 25.564 Thread 0x0000018c0d8525c0 DEOPT PACKING pc=0x0000018bb8dc6e48 sp=0x00000052f77fc570
Event: 25.564 Thread 0x0000018c0d8525c0 DEOPT UNPACKING pc=0x0000018bb85a2b43 sp=0x00000052f77fba08 mode 1
Event: 25.564 Thread 0x0000018c0d8525c0 DEOPT PACKING pc=0x0000018bb8c77e54 sp=0x00000052f77fcee0
Event: 25.564 Thread 0x0000018c0d8525c0 DEOPT UNPACKING pc=0x0000018bb85a2b43 sp=0x00000052f77fc370 mode 1
Event: 25.564 Thread 0x0000018c0d8525c0 DEOPT PACKING pc=0x0000018bb8dc6e48 sp=0x00000052f77fcff0
Event: 25.564 Thread 0x0000018c0d8525c0 DEOPT UNPACKING pc=0x0000018bb85a2b43 sp=0x00000052f77fc488 mode 1
Event: 25.564 Thread 0x0000018c0d8525c0 DEOPT PACKING pc=0x0000018bb8dc6e48 sp=0x00000052f77fcff0
Event: 25.564 Thread 0x0000018c0d8525c0 DEOPT UNPACKING pc=0x0000018bb85a2b43 sp=0x00000052f77fc488 mode 1
Event: 25.564 Thread 0x0000018c0d8525c0 DEOPT PACKING pc=0x0000018bb8dc6e48 sp=0x00000052f77fd180
Event: 25.564 Thread 0x0000018c0d8525c0 DEOPT UNPACKING pc=0x0000018bb85a2b43 sp=0x00000052f77fc618 mode 1
Event: 25.564 Thread 0x0000018c0d8525c0 DEOPT PACKING pc=0x0000018bb8c77e54 sp=0x00000052f77fdaf0
Event: 25.564 Thread 0x0000018c0d8525c0 DEOPT UNPACKING pc=0x0000018bb85a2b43 sp=0x00000052f77fcf80 mode 1

Classes unloaded (0 events):
No events

Classes redefined (0 events):
No events

Internal exceptions (20 events):
Event: 23.284 Thread 0x0000018c0d8525c0 Exception <a 'java/lang/NoSuchMethodError'{0x00000000884d5dd0}: 'java.lang.Object java.lang.invoke.DirectMethodHandle$Holder.invokeStaticInit(java.lang.Object, java.lang.Object, int, java.lang.Object)'> (0x00000000884d5dd0) 
thrown [s\open\src\hotspot\share\interpreter\linkResolver.cpp, line 759]
Event: 24.929 Thread 0x0000018c0d8525c0 Exception <a 'java/lang/NoSuchMethodError'{0x00000000896a21f0}: 'void java.lang.invoke.DirectMethodHandle$Holder.invokeStaticInit(java.lang.Object, int, java.lang.Object, java.lang.Object, java.lang.Object, java.lang.Object)'> (0x00000000896a21f0) 
thrown [s\open\src\hotspot\share\interpreter\linkResolver.cpp, line 759]
Event: 24.984 Thread 0x0000018c0d8525c0 Exception <a 'java/lang/NoSuchMethodError'{0x000000008956ba08}: 'int java.lang.invoke.DirectMethodHandle$Holder.invokeStatic(java.lang.Object, java.lang.Object, java.lang.Object, java.lang.Object, java.lang.Object, java.lang.Object)'> (0x000000008956ba08) 
thrown [s\open\src\hotspot\share\interpreter\linkResolver.cpp, line 759]
Event: 24.999 Thread 0x0000018c0d8525c0 Exception <a 'java/lang/NoSuchMethodError'{0x0000000089598978}: 'int java.lang.invoke.DirectMethodHandle$Holder.invokeStatic(java.lang.Object, java.lang.Object, java.lang.Object, java.lang.Object, java.lang.Object)'> (0x0000000089598978) 
thrown [s\open\src\hotspot\share\interpreter\linkResolver.cpp, line 759]
Event: 25.048 Thread 0x0000018c0d8525c0 Exception <a 'java/lang/NoSuchMethodError'{0x0000000089467068}: 'void java.lang.invoke.DirectMethodHandle$Holder.invokeInterface(java.lang.Object, java.lang.Object, int, java.lang.Object)'> (0x0000000089467068) 
thrown [s\open\src\hotspot\share\interpreter\linkResolver.cpp, line 759]
Event: 25.057 Thread 0x0000018c0d8525c0 Exception <a 'java/lang/NoSuchMethodError'{0x00000000894916d0}: 'java.lang.Object java.lang.invoke.DirectMethodHandle$Holder.newInvokeSpecial(java.lang.Object, java.lang.Object, int, java.lang.Object)'> (0x00000000894916d0) 
thrown [s\open\src\hotspot\share\interpreter\linkResolver.cpp, line 759]
Event: 25.058 Thread 0x0000018c0d8525c0 Exception <a 'java/lang/NoSuchMethodError'{0x0000000089495298}: 'java.lang.Object java.lang.invoke.Invokers$Holder.linkToTargetMethod(java.lang.Object, int, java.lang.Object, java.lang.Object)'> (0x0000000089495298) 
thrown [s\open\src\hotspot\share\interpreter\linkResolver.cpp, line 759]
Event: 25.129 Thread 0x0000018c0d8525c0 Exception <a 'java/lang/NoSuchMethodError'{0x00000000893bbcf0}: 'void java.lang.invoke.DirectMethodHandle$Holder.invokeSpecial(java.lang.Object, java.lang.Object, int, java.lang.Object)'> (0x00000000893bbcf0) 
thrown [s\open\src\hotspot\share\interpreter\linkResolver.cpp, line 759]
Event: 25.131 Thread 0x0000018c0d8525c0 Exception <a 'java/lang/NoSuchMethodError'{0x00000000893c51c8}: 'void java.lang.invoke.DirectMethodHandle$Holder.invokeStatic(java.lang.Object, java.lang.Object, java.lang.Object, java.lang.Object, int, java.lang.Object)'> (0x00000000893c51c8) 
thrown [s\open\src\hotspot\share\interpreter\linkResolver.cpp, line 759]
Event: 25.205 Thread 0x0000018c0d8525c0 Exception <a 'java/lang/NoSuchMethodError'{0x0000000089148a00}: 'int java.lang.invoke.DirectMethodHandle$Holder.invokeStatic(java.lang.Object, int, java.lang.Object)'> (0x0000000089148a00) 
thrown [s\open\src\hotspot\share\interpreter\linkResolver.cpp, line 759]
Event: 25.210 Thread 0x0000018c0d8525c0 Exception <a 'java/lang/NoSuchMethodError'{0x000000008916af00}: 'java.lang.Object java.lang.invoke.DirectMethodHandle$Holder.newInvokeSpecial(java.lang.Object, java.lang.Object, java.lang.Object, java.lang.Object, java.lang.Object, int, java.lang.Object)'> (0x000000008916af00) 
thrown [s\open\src\hotspot\share\interpreter\linkResolver.cpp, line 759]
Event: 25.222 Thread 0x0000018c0d8525c0 Exception <a 'java/lang/NoSuchMethodError'{0x00000000891a8ca8}: 'java.lang.Object java.lang.invoke.DirectMethodHandle$Holder.newInvokeSpecial(java.lang.Object, java.lang.Object, java.lang.Object, java.lang.Object, java.lang.Object, java.lang.Object, java.lang.Object, java.lang.Object, java.lang.Object, java.lang.Object, java.lang.Object, java.lang.Object)'> (0x00000000891a8ca8) 
thrown [s\open\src\hotspot\share\interpreter\linkResolver.cpp, line 759]
Event: 25.222 Thread 0x0000018c0d8525c0 Exception <a 'java/lang/NoSuchMethodError'{0x00000000891adba0}: 'java.lang.Object java.lang.invoke.DirectMethodHandle$Holder.invokeSpecial(java.lang.Object, java.lang.Object, java.lang.Object, java.lang.Object, java.lang.Object, java.lang.Object, java.lang.Object, java.lang.Object, java.lang.Object, java.lang.Object, java.lang.Object, java.lang.Object, java.lang.Object)'> (0x00000000891adba0) 
thrown [s\open\src\hotspot\share\interpreter\linkResolver.cpp, line 759]
Event: 25.223 Thread 0x0000018c0d8525c0 Exception <a 'java/lang/NoSuchMethodError'{0x00000000891b2678}: 'java.lang.Object java.lang.invoke.Invokers$Holder.linkToTargetMethod(java.lang.Object, java.lang.Object, java.lang.Object, java.lang.Object, java.lang.Object, java.lang.Object, java.lang.Object, java.lang.Object, java.lang.Object, java.lang.Object, java.lang.Object, java.lang.Object)'> (0x00000000891b2678) 
thrown [s\open\src\hotspot\share\interpreter\linkResolver.cpp, line 759]
Event: 25.314 Thread 0x0000018c0d8525c0 Exception <a 'java/lang/IncompatibleClassChangeError'{0x0000000088f8ced8}: Found class java.lang.Object, but interface was expected> (0x0000000088f8ced8) 
thrown [s\open\src\hotspot\share\interpreter\linkResolver.cpp, line 826]
Event: 25.342 Thread 0x0000018c0d8525c0 Exception <a 'java/lang/NoSuchMethodError'{0x0000000088e25fc8}: 'java.lang.Object java.lang.invoke.DirectMethodHandle$Holder.newInvokeSpecial(java.lang.Object, java.lang.Object, java.lang.Object, java.lang.Object, java.lang.Object, java.lang.Object, java.lang.Object, int)'> (0x0000000088e25fc8) 
thrown [s\open\src\hotspot\share\interpreter\linkResolver.cpp, line 759]
Event: 25.342 Thread 0x0000018c0d8525c0 Exception <a 'java/lang/NoSuchMethodError'{0x0000000088e2afc0}: 'java.lang.Object java.lang.invoke.DirectMethodHandle$Holder.invokeSpecial(java.lang.Object, java.lang.Object, java.lang.Object, java.lang.Object, java.lang.Object, java.lang.Object, java.lang.Object, java.lang.Object, int)'> (0x0000000088e2afc0) 
thrown [s\open\src\hotspot\share\interpreter\linkResolver.cpp, line 759]
Event: 25.343 Thread 0x0000018c0d8525c0 Exception <a 'java/lang/NoSuchMethodError'{0x0000000088e2fa88}: 'java.lang.Object java.lang.invoke.Invokers$Holder.linkToTargetMethod(java.lang.Object, java.lang.Object, java.lang.Object, java.lang.Object, java.lang.Object, java.lang.Object, int, java.lang.Object)'> (0x0000000088e2fa88) 
thrown [s\open\src\hotspot\share\interpreter\linkResolver.cpp, line 759]
Event: 25.365 Thread 0x0000018c0d8525c0 Implicit null exception at 0x0000018bb8e29c93 to 0x0000018bb8e29de8
Event: 25.417 Thread 0x0000018c0d8525c0 Exception <a 'java/lang/NoSuchMethodError'{0x0000000088d384a0}: 'java.lang.Object java.lang.invoke.DirectMethodHandle$Holder.newInvokeSpecial(java.lang.Object, java.lang.Object, int, java.lang.Object, int, java.lang.Object, java.lang.Object)'> (0x0000000088d384a0) 
thrown [s\open\src\hotspot\share\interpreter\linkResolver.cpp, line 759]

VM Operations (20 events):
Event: 21.758 Executing VM operation: G1CollectForAllocation
Event: 21.762 Executing VM operation: G1CollectForAllocation done
Event: 22.768 Executing VM operation: G1CollectForAllocation
Event: 22.773 Executing VM operation: G1CollectForAllocation done
Event: 23.332 Executing VM operation: CollectForMetadataAllocation
Event: 23.337 Executing VM operation: CollectForMetadataAllocation done
Event: 23.361 Executing VM operation: G1Concurrent
Event: 23.366 Executing VM operation: G1Concurrent done
Event: 23.378 Executing VM operation: G1Concurrent
Event: 23.378 Executing VM operation: G1Concurrent done
Event: 23.990 Executing VM operation: HandshakeAllThreads
Event: 23.990 Executing VM operation: HandshakeAllThreads done
Event: 24.076 Executing VM operation: HandshakeAllThreads
Event: 24.076 Executing VM operation: HandshakeAllThreads done
Event: 24.480 Executing VM operation: G1CollectForAllocation
Event: 24.484 Executing VM operation: G1CollectForAllocation done
Event: 24.824 Executing VM operation: ICBufferFull
Event: 24.825 Executing VM operation: ICBufferFull done
Event: 25.825 Executing VM operation: Cleanup
Event: 25.825 Executing VM operation: Cleanup done

Events (20 events):
Event: 22.856 loading class javax/naming/RefAddr
Event: 22.856 loading class javax/naming/RefAddr done
Event: 22.856 loading class javax/naming/StringRefAddr
Event: 22.857 loading class javax/naming/StringRefAddr done
Event: 22.924 loading class java/util/concurrent/CompletableFuture$AltResult
Event: 22.925 loading class java/util/concurrent/CompletableFuture$AltResult done
Event: 22.925 loading class java/util/concurrent/CompletableFuture$Completion
Event: 22.926 loading class java/util/concurrent/CompletableFuture$AsynchronousCompletionTask
Event: 22.926 loading class java/util/concurrent/CompletableFuture$AsynchronousCompletionTask done
Event: 22.927 loading class java/util/concurrent/CompletableFuture$Completion done
Event: 23.039 loading class java/util/WeakHashMap$EntrySet
Event: 23.040 loading class java/util/WeakHashMap$EntrySet done
Event: 23.040 loading class java/util/WeakHashMap$EntryIterator
Event: 23.040 loading class java/util/WeakHashMap$HashIterator
Event: 23.041 loading class java/util/WeakHashMap$HashIterator done
Event: 23.041 loading class java/util/WeakHashMap$EntryIterator done
Event: 23.213 loading class java/util/concurrent/CancellationException
Event: 23.213 loading class java/util/concurrent/CancellationException done
Event: 24.961 loading class jdk/internal/reflect/UnsafeIntegerFieldAccessorImpl
Event: 24.962 loading class jdk/internal/reflect/UnsafeIntegerFieldAccessorImpl done


Dynamic libraries:
0x00007ff75d440000 - 0x00007ff75d450000 	C:\Program Files\Java\jdk-17\bin\java.exe
0x00007ff92c7a0000 - 0x00007ff92ca08000 	C:\WINDOWS\SYSTEM32\ntdll.dll
0x00007ff92b2a0000 - 0x00007ff92b369000 	C:\WINDOWS\System32\KERNEL32.DLL
0x00007ff929e10000 - 0x00007ff92a1fd000 	C:\WINDOWS\System32\KERNELBASE.dll
0x00007ff92a200000 - 0x00007ff92a34b000 	C:\WINDOWS\System32\ucrtbase.dll
0x00007ff913010000 - 0x00007ff913029000 	C:\Program Files\Java\jdk-17\bin\jli.dll
0x00007ff92a840000 - 0x00007ff92a8f4000 	C:\WINDOWS\System32\ADVAPI32.dll
0x00007ff90d6c0000 - 0x00007ff90d6db000 	C:\Program Files\Java\jdk-17\bin\VCRUNTIME140.dll
0x00007ff92a6e0000 - 0x00007ff92a789000 	C:\WINDOWS\System32\msvcrt.dll
0x00007ff92a790000 - 0x00007ff92a836000 	C:\WINDOWS\System32\sechost.dll
0x00007ff92bb70000 - 0x00007ff92bc88000 	C:\WINDOWS\System32\RPCRT4.dll
0x00007ff92af20000 - 0x00007ff92b0ec000 	C:\WINDOWS\System32\USER32.dll
0x00007ff929bf0000 - 0x00007ff929c17000 	C:\WINDOWS\System32\win32u.dll
0x00007ff92b3f0000 - 0x00007ff92b41b000 	C:\WINDOWS\System32\GDI32.dll
0x00007ff929cd0000 - 0x00007ff929e07000 	C:\WINDOWS\System32\gdi32full.dll
0x00007ff8feaa0000 - 0x00007ff8fed3a000 	C:\WINDOWS\WinSxS\amd64_microsoft.windows.common-controls_6595b64144ccf1df_6.0.26100.4484_none_3e0e6d4ce32ef3b3\COMCTL32.dll
0x00007ff929c20000 - 0x00007ff929cc3000 	C:\WINDOWS\System32\msvcp_win.dll
0x00007ff916280000 - 0x00007ff91628b000 	C:\WINDOWS\SYSTEM32\VERSION.dll
0x00007ff92bcb0000 - 0x00007ff92bcdf000 	C:\WINDOWS\System32\IMM32.DLL
0x00007ff918250000 - 0x00007ff91825c000 	C:\Program Files\Java\jdk-17\bin\vcruntime140_1.dll
0x00007ff899900000 - 0x00007ff89998e000 	C:\Program Files\Java\jdk-17\bin\msvcp140.dll
0x00007ff899e00000 - 0x00007ff89a9de000 	C:\Program Files\Java\jdk-17\bin\server\jvm.dll
0x00007ff92bc90000 - 0x00007ff92bc98000 	C:\WINDOWS\System32\PSAPI.DLL
0x00007ff921120000 - 0x00007ff921155000 	C:\WINDOWS\SYSTEM32\WINMM.dll
0x00007ff9062c0000 - 0x00007ff9062ca000 	C:\WINDOWS\SYSTEM32\WSOCK32.dll
0x00007ff92b370000 - 0x00007ff92b3e4000 	C:\WINDOWS\System32\ws2_32.DLL
0x00007ff928690000 - 0x00007ff9286ab000 	C:\WINDOWS\SYSTEM32\kernel.appcore.dll
0x00007ff90d670000 - 0x00007ff90d67a000 	C:\Program Files\Java\jdk-17\bin\jimage.dll
0x00007ff927010000 - 0x00007ff927251000 	C:\WINDOWS\SYSTEM32\DBGHELP.DLL
0x00007ff92ab90000 - 0x00007ff92af16000 	C:\WINDOWS\System32\combase.dll
0x00007ff92bea0000 - 0x00007ff92bf80000 	C:\WINDOWS\System32\OLEAUT32.dll
0x00007ff8f3960000 - 0x00007ff8f39a3000 	C:\WINDOWS\SYSTEM32\dbgcore.DLL
0x00007ff92a4a0000 - 0x00007ff92a539000 	C:\WINDOWS\System32\bcryptPrimitives.dll
0x00007ff90e540000 - 0x00007ff90e57b000 	C:\Program Files\Java\jdk-17\bin\jdwp.dll
0x00007ff905a70000 - 0x00007ff905a95000 	C:\Program Files\Java\jdk-17\bin\java.dll
0x00007ff8f39f0000 - 0x00007ff8f3ac7000 	C:\Program Files\Java\jdk-17\bin\jsvml.dll
0x00007ff92b420000 - 0x00007ff92bb6a000 	C:\WINDOWS\System32\SHELL32.dll
0x00007ff9298f0000 - 0x00007ff929a64000 	C:\WINDOWS\System32\wintypes.dll
0x00007ff927500000 - 0x00007ff927d5b000 	C:\WINDOWS\SYSTEM32\windows.storage.dll
0x00007ff92a5e0000 - 0x00007ff92a6d5000 	C:\WINDOWS\System32\SHCORE.dll
0x00007ff92aaf0000 - 0x00007ff92ab5a000 	C:\WINDOWS\System32\shlwapi.dll
0x00007ff929800000 - 0x00007ff92982f000 	C:\WINDOWS\SYSTEM32\profapi.dll
0x00007ff9232f0000 - 0x00007ff9232fc000 	C:\Program Files\Java\jdk-17\bin\dt_socket.dll
0x00007ff928130000 - 0x00007ff928163000 	C:\WINDOWS\SYSTEM32\IPHLPAPI.DLL
0x00007ff928c20000 - 0x00007ff928c8a000 	C:\WINDOWS\system32\mswsock.dll
0x00007ff8f91d0000 - 0x00007ff8f91e9000 	C:\Program Files\Java\jdk-17\bin\net.dll
0x00007ff9190a0000 - 0x00007ff9191be000 	C:\WINDOWS\SYSTEM32\WINHTTP.dll
0x00007ff8f4150000 - 0x00007ff8f4166000 	C:\Program Files\Java\jdk-17\bin\nio.dll
0x00007ff8f4130000 - 0x00007ff8f4148000 	C:\Program Files\Java\jdk-17\bin\zip.dll
0x00007ff909c90000 - 0x00007ff909c9a000 	C:\Program Files\Java\jdk-17\bin\management.dll
0x00007ff9059d0000 - 0x00007ff9059db000 	C:\Program Files\Java\jdk-17\bin\management_ext.dll
0x00007ff918280000 - 0x00007ff91828e000 	C:\Program Files\Java\jdk-17\bin\sunmscapi.dll
0x00007ff929a70000 - 0x00007ff929be7000 	C:\WINDOWS\System32\CRYPT32.dll
0x00007ff9290f0000 - 0x00007ff929120000 	C:\WINDOWS\SYSTEM32\ncrypt.dll
0x00007ff9290a0000 - 0x00007ff9290df000 	C:\WINDOWS\SYSTEM32\NTASN1.dll
0x00007ff928ed0000 - 0x00007ff928eeb000 	C:\WINDOWS\SYSTEM32\CRYPTSP.dll
0x00007ff9285f0000 - 0x00007ff92862b000 	C:\WINDOWS\system32\rsaenh.dll
0x00007ff928cc0000 - 0x00007ff928ceb000 	C:\WINDOWS\SYSTEM32\USERENV.dll
0x00007ff9297d0000 - 0x00007ff9297f6000 	C:\WINDOWS\SYSTEM32\bcrypt.dll
0x00007ff928ef0000 - 0x00007ff928efc000 	C:\WINDOWS\SYSTEM32\CRYPTBASE.dll
0x00007ff92c000000 - 0x00007ff92c00a000 	C:\WINDOWS\System32\NSI.dll
0x00007ff920860000 - 0x00007ff92087f000 	C:\WINDOWS\SYSTEM32\dhcpcsvc6.DLL
0x00007ff920650000 - 0x00007ff920675000 	C:\WINDOWS\SYSTEM32\dhcpcsvc.DLL
0x00007ff928200000 - 0x00007ff928326000 	C:\WINDOWS\SYSTEM32\DNSAPI.dll
0x00007ff8ff600000 - 0x00007ff8ff618000 	C:\WINDOWS\system32\napinsp.dll
0x00007ff8ff5e0000 - 0x00007ff8ff5f2000 	C:\WINDOWS\System32\winrnr.dll
0x00007ff8ff5a0000 - 0x00007ff8ff5d0000 	C:\WINDOWS\system32\nlansp_c.dll
0x00007ff8ff570000 - 0x00007ff8ff590000 	C:\WINDOWS\system32\wshbth.dll
0x00007ff91fe90000 - 0x00007ff91fe9b000 	C:\Windows\System32\rasadhlp.dll
0x00007ff921160000 - 0x00007ff9211e6000 	C:\WINDOWS\System32\fwpuclnt.dll
0x00007ff8f39e0000 - 0x00007ff8f39f0000 	C:\Program Files\Java\jdk-17\bin\verify.dll

dbghelp: loaded successfully - version: 4.0.5 - missing functions: none
symbol engine: initialized successfully - sym options: 0x614 - pdb path: .;C:\Program Files\Java\jdk-17\bin;C:\WINDOWS\SYSTEM32;C:\WINDOWS\WinSxS\amd64_microsoft.windows.common-controls_6595b64144ccf1df_6.0.26100.4484_none_3e0e6d4ce32ef3b3;C:\Program Files\Java\jdk-17\bin\server

VM Arguments:
jvm_args: -agentlib:jdwp=transport=dt_socket,server=n,address=58675 
java_command: com.BDI_TESTServicie.BdiTestServicieApplication
java_class_path (initial): C:\Users\digis\OneDrive\Documentos\Fernando Jair Arce Arellano\NetBeans\BDI_TESTServicie\target\classes;C:\Users\digis\.m2\repository\org\springframework\boot\spring-boot-starter-web\3.5.3\spring-boot-starter-web-3.5.3.jar;C:\Users\digis\.m2\repository\org\springframework\boot\spring-boot-starter\3.5.3\spring-boot-starter-3.5.3.jar;C:\Users\digis\.m2\repository\org\springframework\boot\spring-boot-starter-logging\3.5.3\spring-boot-starter-logging-3.5.3.jar;C:\Users\digis\.m2\repository\ch\qos\logback\logback-classic\1.5.18\logback-classic-1.5.18.jar;C:\Users\digis\.m2\repository\ch\qos\logback\logback-core\1.5.18\logback-core-1.5.18.jar;C:\Users\digis\.m2\repository\org\apache\logging\log4j\log4j-to-slf4j\2.24.3\log4j-to-slf4j-2.24.3.jar;C:\Users\digis\.m2\repository\org\slf4j\jul-to-slf4j\2.0.17\jul-to-slf4j-2.0.17.jar;C:\Users\digis\.m2\repository\jakarta\annotation\jakarta.annotation-api\2.1.1\jakarta.annotation-api-2.1.1.jar;C:\Users\digis\.m2\repository\org\yaml\snakeyaml\2.4\snakeyaml-2.4.jar;C:\Users\digis\.m2\repository\org\springframework\boot\spring-boot-starter-json\3.5.3\spring-boot-starter-json-3.5.3.jar;C:\Users\digis\.m2\repository\com\fasterxml\jackson\core\jackson-databind\2.19.1\jackson-databind-2.19.1.jar;C:\Users\digis\.m2\repository\com\fasterxml\jackson\core\jackson-annotations\2.19.1\jackson-annotations-2.19.1.jar;C:\Users\digis\.m2\repository\com\fasterxml\jackson\core\jackson-core\2.19.1\jackson-core-2.19.1.jar;C:\Users\digis\.m2\repository\com\fasterxml\jackson\datatype\jackson-datatype-jdk8\2.19.1\jackson-datatype-jdk8-2.19.1.jar;C:\Users\digis\.m2\repository\com\fasterxml\jackson\datatype\jackson-datatype-jsr310\2.19.1\jackson-datatype-jsr310-2.19.1.jar;C:\Users\digis\.m2\repository\com\fasterxml\jackson\module\jackson-module-parameter-names\2.19.1\jackson-module-parameter-names-2.19.1.jar;C:\Users\digis\.m2\repository\org\springframework\boot\spring-boot-starter-tomcat\3.5.3\spring-boot-starter-tomcat-3.5.3.j
Launcher Type: SUN_STANDARD

[Global flags]
     intx CICompilerCount                          = 4                                         {product} {ergonomic}
     uint ConcGCThreads                            = 2                                         {product} {ergonomic}
     uint G1ConcRefinementThreads                  = 8                                         {product} {ergonomic}
   size_t G1HeapRegionSize                         = 1048576                                   {product} {ergonomic}
    uintx GCDrainStackTargetSize                   = 64                                        {product} {ergonomic}
   size_t InitialHeapSize                          = 130023424                                 {product} {ergonomic}
   size_t MarkStackSize                            = 4194304                                   {product} {ergonomic}
   size_t MaxHeapSize                              = 2057306112                                {product} {ergonomic}
   size_t MaxNewSize                               = 1234173952                                {product} {ergonomic}
   size_t MinHeapDeltaBytes                        = 1048576                                   {product} {ergonomic}
   size_t MinHeapSize                              = 8388608                                   {product} {ergonomic}
    uintx NonNMethodCodeHeapSize                   = 5839372                                {pd product} {ergonomic}
    uintx NonProfiledCodeHeapSize                  = 122909434                              {pd product} {ergonomic}
    uintx ProfiledCodeHeapSize                     = 122909434                              {pd product} {ergonomic}
    uintx ReservedCodeCacheSize                    = 251658240                              {pd product} {ergonomic}
     bool SegmentedCodeCache                       = true                                      {product} {ergonomic}
   size_t SoftMaxHeapSize                          = 2057306112                             {manageable} {ergonomic}
     bool UseCompressedClassPointers               = true                           {product lp64_product} {ergonomic}
     bool UseCompressedOops                        = true                           {product lp64_product} {ergonomic}
     bool UseG1GC                                  = true                                      {product} {ergonomic}
     bool UseLargePagesIndividualAllocation        = false                                  {pd product} {ergonomic}

Logging:
Log output configuration:
 #0: stdout all=warning uptime,level,tags
 #1: stderr all=off uptime,level,tags

Environment Variables:
JAVA_HOME=C:\Program Files\Java\jdk-17
PATH=C:\Oracle-installer\WINDOWS.X64_193000_db_home\bin;C:\Program Files\Common Files\Oracle\Java\javapath;C:\WINDOWS\system32;C:\WINDOWS;C:\WINDOWS\System32\Wbem;C:\WINDOWS\System32\WindowsPowerShell\v1.0\;C:\WINDOWS\System32\OpenSSH\;C:\Program Files\Microsoft SQL Server\150\Tools\Binn\;C:\Program Files\Microsoft SQL Server\Client SDK\ODBC\170\Tools\Binn\;C:\Program Files\dotnet\;C:\Users\digis\AppData\Local\Microsoft\WindowsApps;C:\Users\digis\.dotnet\tools;C:\Users\digis\AppData\Local\Programs\Microsoft VS Code\bin;
USERNAME=Alien 9
OS=Windows_NT
PROCESSOR_IDENTIFIER=Intel64 Family 6 Model 190 Stepping 0, GenuineIntel



---------------  S Y S T E M  ---------------

OS:
 Windows 11 , 64 bit Build 26100 (10.0.26100.4484)
OS uptime: 0 days 23:17 hours
Hyper-V role detected

CPU: total 8 (initial active 8) (8 cores per cpu, 1 threads per core) family 6 model 190 stepping 0 microcode 0x15, cx8, cmov, fxsr, mmx, 3dnowpref, sse, sse2, sse3, ssse3, sse4.1, sse4.2, popcnt, lzcnt, tsc, tscinvbit, avx, avx2, aes, erms, clmul, bmi1, bmi2, adx, sha, fma, vzeroupper, clflush, clflushopt, clwb, hv

Memory: 4k page, system-wide physical 7845M (90M free)
TotalPageFile size 31397M (AvailPageFile size 19M)
current process WorkingSet (physical memory assigned to process): 231M, peak: 256M
current process commit charge ("private bytes"): 305M, peak: 315M

vm_info: Java HotSpot(TM) 64-Bit Server VM (17.0.8+9-LTS-211) for windows-amd64 JRE (17.0.8+9-LTS-211), built on Jun 14 2023 10:34:31 by "mach5one" with MS VC++ 17.1 (VS2022)

END.
